blx.mdm.moira.locations.b2b.gateway._inbound.services.pub:processMoiraLocationsJmsFiles
blx.mdm.moira.locations.b2b.gateway._inbound.triggers:receiveJmsMoiraIATATrigger
blx.mdm.moira.locations.b2b.gateway._inbound.triggers:receiveJmsMoiraUnLocodeTrigger
blx.mdm.moira.locations.b2b.gateway._inbound.triggers:receiveMoiraLocationsTrigger
blx.mdm.moira.locations.b2b.gateway._outbound.services.pub:publishMoiraLocationGlobalData
blx.mdm.moira.locations.b2b.gateway._outbound.services.pub:publishMoiraLocationsDetailsData
blx.mdm.moira.locations.b2b.gateway._inbound.services.priv:routeToTNDetails
blx.mdm.moira.locations.b2b.gateway._inbound.services.pub:receiveJmsMoiraIATA
blx.mdm.moira.locations.b2b.gateway._inbound.services.pub:receiveMoiraLocations
blx.edi.docs:unedifactEnvelope
blx.edi.docs:x12Envelope
blx.edi.services:convertToValues
blx.edi.services:getEdiVersion
blx.edi.services:convertToString
blx.edi.utils:standardCheck
blx.edi.utils:nullifyIfBlank
blx.framework.services.mail:smtp
blx.ariane.b2b.doc:ArianeFileTech
blx.ariane.b2b.doc:ArianeMailHost
blx.ariane.b2b.doc:arianeTpa
blx.ariane.canonical.docs:ArianeCommonTechTpa
blx.ariane.b2b.utils:concatBody
blx.ariane.b2b.utils:concatSubject
blx.framework.utils:clearCacheLoadVariables
blx.framework.services.mail:smtp
blx.framework.utils:clearCacheLoadVariables
blx.mdm.moira.vessel.canonical.docs:vesselMessageJms
blx.mdm.tms.canonical.docs.vesselName:vesselNameDictionary
blx.mdm.tms.canonical.docs.vesselName:vesselNameSchema
blx.mdm.tms.canonical.docs:mercureBroadcastTransacShemaDT
blx.mdm.tms.canonical.docs:pegaseBroadcastTransacShemaDT
blx.mdm.tms.canonical.docs:mercureBroadcastTransac
blx.mdm.tms.canonical.docs:pegaseBroadcastTransac
blx.mdm.tms.canonical.docs:pegaseBroadcastTransacShema
blx.mdm.moira.vessel.b2b.gateway._inbound.services.pub:processMoiraJmsFiles
blx.mdm.moira.vessel.canonical.docs:moiraVesselFuncTpa
blx.mdm.moira.vessel.canonical.docs:tpaParams
blx.mdm.moira.vessel.b2b.gateway._inbound.services.pub:receiveMoiraVesselNameJms
blx.mdm.moira.vessel.b2b.gateway._inbound.services.priv:routeToTn
blx.mdm.moira.vessel.b2b.gateway._inbound.services.priv:modInts
blx.mdm.moira.vessel.b2b.gateway._outbound.services.pub:publishMoiraVesselName
blx.mdm.moira.vessel.canonical.docs:moiraVesselName
blx.mdm.moira.vessel.canonical.docs:technicalHeader
blx.mdm.moira.vessel._inbound.triggers:receiveMoiraVesselNameTrigger
blx.mdm.moira.vessel._inbound.services.pub:receiveMoiraVesselName
blx.mdm.moira.vessel._inbound.services.priv:getMoiraVesselNameDetails
blx.mdm.moira.vessel._inbound.adaptersServices:callSelectVesselPivot
blx.mdm.moira.vessel.adapters:callSelectVesselPivot
blx.mdm.moira.vessel.connections:vesselMoiraDataBaseConnection
blx.mdm.moira.vessel.canonical.docs:vesselNameDetailsCanonical
blx.mdm.tms.vesselName._inbound.triggers:receiveVesselNameCanonicalTmsTrigger
blx.mdm.tms.vesselName._inbound.services.pub:receiveVesselNameCanonical
blx.mdm.moira.vessel.canonical.docs:vesselNameCanonical
blx.mdm.tms.vesselName._inbound.services.priv:mapVesselNameCanonicalToTmsVesselName
blx.mdm.tms.vesselName._inbound.services.priv:formatTmsFloat
blx.mdm.tms.vesselName._inbound.services.priv:formatTmsInteger
blx.mdm.tms.vesselName._inbound.services.priv:TRANSCO_code_immo
blx.mdm.tms.canonical.docs:technicalHeader
blx.mdm.tms.canonical.docs.vesselName:tmsVesselName
blx.mdm.tms.b2b.gateway.vesselName._outbound.triggers:receiveMdmmsVesselNameTrigger
blx.mdm.tms.b2b.gateway.vesselName._outbound.services.pub:sendMdmmsVesselNameToMdmMs
blx.mdm.moira.vessel.canonical.docs:vesselNameTechTpa
blx.mdm.tms.b2b.gateway.vesselName._outbound.services.priv:httpCall
blx.mdm.tms.canonical.docs.mdmMs:responseHttp
blx.mdm.tms.b2b.gateway.vesselName._outbound.triggers:receiveTmsVesselNameTrigger
blx.mdm.tms.b2b.gateway.vesselName._outbound.services.pub:sendTmsVesselNameToTms
blx.mdm.moira.vessel.b2b.gateway._inbound.services.pub:processFullVesselName
blx.mdm.moira.vessel.b2b.gateway._inbound.services.priv:generateVesselXMLMessage
blx.mdm.moira.vessel.b2b.gateway._inbound.services.priv:getVesselMaxId
blx.mdm.moira.vessel.canonical.docs:vesselMaxIdRequest
blx.mdm.moira.vessel.canonical.docs:vesselMaxIdResponse
blx.mdm.moira.vessel.b2b.gateway._inbound.triggers:receiveMoiraVesselNameJmsTrigger
blx.mdm.moira.b2b.gateway.userInfo._outbound.services.ws.provider:UserInfo
blx.mdm.moira.b2b.gateway.userInfo._outbound.services.ws.provider.UserInfo_.docTypes:doc_generateNewMail
blx.mdm.moira.b2b.gateway.userInfo._outbound.services.ws.provider.UserInfo_.docTypes:doc_generateNewMailResponse
blx.mdm.moira.b2b.gateway.userInfo._outbound.services.ws.provider.UserInfo_.docTypes:doc_userInfoResponse
blx.mdm.moira.b2b.gateway.userInfo._outbound.services.ws.provider.UserInfo_.docTypes:doc_generateUserInfo
blx.mdm.moira.b2b.gateway.userInfo._outbound.services.ws.provider.UserInfo_.docTypes:doc_generateUserInfoResponse
blx.mdm.moira.b2b.gateway.userInfo._outbound.services.ws.provider.UserInfo_.services:generateNewMail
blx.mdm.iam.b2b.gateway.userInfo._inbound.services.pub:generateNewMail
blx.mdm.iam.b2b.gateway.userInfo._inbound.services.ws.consumer.userInfo_.connectors:generateNewMail
blx.mdm.iam.b2b.gateway.userInfo._inbound.services.ws.consumer:userInfo
blx.mdm.iam.b2b.gateway.userInfo._inbound.services.ws.consumer.userInfo_.docTypes:generateNewMail_Input
blx.mdm.iam.b2b.gateway.userInfo._inbound.services.ws.consumer.userInfo_.docTypes:generateNewMail_Output
blx.mdm.iam.b2b.gateway.userInfo._inbound.services.ws.consumer.userInfo_.docTypes:generateUserInfo_Input
blx.mdm.iam.b2b.gateway.userInfo._inbound.services.ws.consumer.userInfo_.docTypes:doc_generateUserInfo
blx.mdm.iam.b2b.gateway.userInfo._inbound.services.ws.consumer.userInfo_.docTypes:generateUserInfo_Output
blx.mdm.iam.b2b.gateway.userInfo._inbound.services.ws.consumer.userInfo_.docTypes:doc_generateUserInfoResponse
blx.mdm.iam.b2b.gateway.userInfo._inbound.services.ws.consumer.userInfo_.docTypes:doc_userInfoResponse
blx.mdm.iam.b2b.gateway.userInfo._inbound.services.ws.consumer.userInfo_.responseServices:generateNewMail_Response
blx.mdm.iam.b2b.gateway.userInfo._inbound.services.ws.consumer.userInfo_.docTypes:doc_generateNewMailResponse
blx.mdm.iam.b2b.gateway.userInfo._inbound.services.ws.consumer.userInfo_.responseServices:generateUserInfo_Response
blx.mdm.iam.b2b.gateway.userInfo._inbound.services.ws.consumer.userInfo_.responseServices:genericFault_Response
blx.mdm.iam.b2b.gateway.userInfo._inbound.services.ws.consumer.userInfo_.docTypes:doc_generateNewMail
blx.mdm.moira.b2b.gateway.userInfo._outbound.services.ws.provider.UserInfo_.services:generateUserInfo
blx.mdm.iam.b2b.gateway.userInfo._inbound.services.pub:generateUserInfo
blx.mdm.iam.b2b.gateway.userInfo._inbound.services.ws.consumer.userInfo_.connectors:generateUserInfo
blx.linktrucker.infocentre.b2b.gateway._inbound.services.pub:receiveFilesFromLinkTrucker
blx.linktrucker.infocentre.b2b.gateway.doc:linkTruckerInfocentreFuncTpa
blx.linktrucker.infocentre.b2b.gateway.doc:tpaParams
blx.linktrucker.infocentre.canonical:linkTruckerInfoCentreOutbounbB2b
blx.linktrucker.infocentre.inbound.triggers:linktruckerInfocentreOutboundB2b
blx.linktrucker.infocentre.inbound.services.pub:processFilesFromLinktrucker
blx.linktrucker.infocentre.inbound.services.priv:mappingToInfocentreActivityArea
blx.linktrucker.infocentre.canonical:ActivityArea_Doc
blx.linktrucker.infocentre.canonical:infoCentreActivityAreaFfSchemaDT
blx.linktrucker.infocentre.canonical:linkTruckerCompaniesDT
blx.linktrucker.infocentre.inbound.services.priv:mappingToInfocentreAdrHazardous
blx.linktrucker.infocentre.canonical:Hazardous_Doc
blx.linktrucker.infocentre.canonical:infoCentreAdrHazardousFfSchemaDT
blx.linktrucker.infocentre.inbound.services.priv:mappingToInfocentreAreasServed
blx.linktrucker.infocentre.canonical:AreasServed_Doc
blx.linktrucker.infocentre.canonical:infoCentreAreasServedFfSchemaDT
blx.linktrucker.infocentre.inbound.services.priv:mappingToInfocentreCertification
blx.linktrucker.infocentre.canonical:Certif_Doc
blx.linktrucker.infocentre.canonical:infoCentreCertifFfSchemaDT
blx.linktrucker.infocentre.inbound.services.priv:mappingToInfocentreCompletness
blx.linktrucker.infocentre.canonical:Completness_Doc
blx.linktrucker.infocentre.canonical:infoCentreCompletenessFfSchemaDT
blx.linktrucker.infocentre.inbound.services.priv:mappingToInfocentreContact
blx.linktrucker.infocentre.canonical:Contact_Doc
blx.linktrucker.infocentre.canonical:infoCentreContactFfSchemaDT
blx.linktrucker.infocentre.inbound.services.priv:mappingToInfocentreEquipment
blx.linktrucker.infocentre.canonical:Equipment_Doc
blx.linktrucker.infocentre.canonical:infoCentreEquipmentFfSchemaDT
blx.linktrucker.infocentre.inbound.services.priv:mappingToInfocentreHeaderActivityArea
blx.linktrucker.infocentre.inbound.services.priv:mappingToInfocentreHeaderAdrHazardous
blx.linktrucker.infocentre.inbound.services.priv:mappingToInfocentreHeaderAreasServed
blx.linktrucker.infocentre.inbound.services.priv:mappingToInfocentreHeaderCertif
blx.linktrucker.infocentre.inbound.services.priv:mappingToInfocentreHeaderCompletness
blx.linktrucker.infocentre.inbound.services.priv:mappingToInfocentreHeaderContact
blx.linktrucker.infocentre.inbound.services.priv:mappingToInfocentreHeaderEquipment
blx.linktrucker.infocentre.inbound.services.priv:mappingToInfocentreHeaderHighArea
blx.linktrucker.infocentre.inbound.services.priv:mappingToInfocentreHeaderOtherActivities
blx.linktrucker.infocentre.inbound.services.priv:mappingToInfocentreHeaderPartner
blx.linktrucker.infocentre.inbound.services.priv:mappingToInfocentreHeaderYard
blx.linktrucker.infocentre.inbound.services.priv:mappingToInfocentreHighArea
blx.linktrucker.infocentre.canonical:infoCentreHighAreaFfSchemaDT
blx.linktrucker.infocentre.inbound.services.priv:mappingToInfocentreOtherActivities
blx.linktrucker.infocentre.canonical:infoCentreOtherActivitiesFfSchemaDT
blx.linktrucker.infocentre.canonical:OtherActivities_Doc
blx.linktrucker.infocentre.inbound.services.priv:mappingToInfocentrePartner
blx.linktrucker.infocentre.canonical:infoCentrePartnerFfSchemaDT
blx.alismrc.inv.canonical.docs.Schemas:estimatedInvFfSchemaDT
blx.linktrucker.infocentre.inbound.services.priv:mappingToInfocentreYard
blx.linktrucker.infocentre.canonical:infoCentreYardFfSchemaDT
blx.linktrucker.infocentre.canonical:Yard_Doc
blx.linktrucker.infocentre.canonical:linkTruckerInfocentreFuncTpa
blx.linktrucker.infocentre.canonical:tpaParams_Doc
blx.mdm.linktrucker.b2b.gateway.transac._inbound.services.pub:receiveLinkTruckerTransac
blx.mdm.linktrucker.b2b.gateway.transac._inbound.services.priv:processLinkTruckerTransacMessage
blx.mdm.linktrucker.b2b.gateway.transac._inbound.services.priv:buildResponse
blx.mdm.linktrucker.canonical.docs:linkTruckerTransac
blx.mdm.linktrucker.canonical.docs:linkTruckerTransacRequest
blx.mdm.linktrucker.canonical.docs:linkTruckerTransacResponse
blx.mdm.linktrucker.canonical.docs:technicalHeader
blx.mdm.linktrucker.b2b.gateway.transac._inbound.services.priv:tracePipelineToString
blx.mdm.linktrucker.canonical.docs:linkTruckerTransacFuncTpa
blx.mdm.linktrucker.canonical.docs:tpaParams
blx.mdm.linktrucker.canonical.docs:linkTruckerProperty
blx.mdm.linktrucker.b2b.gateway.transac._outbound.pub:publishLinkTruckerTransac
blx.mdm.linktrucker.b2b.gateway.transac._inbound.services.priv:mapLinkTruckerTransacToMoiraTransacCanonical
blx.mdm.linktrucker.b2b.gateway.transac._inbound.services.priv:transcoContactType
blx.mdm.linktrucker.canonical.docs:Contact
blx.mdm.linktrucker.canonical.docs:entitiesJmsMessageCanonical
blx.mdm.linktrucker.canonical.docs:FunctionalIdentification
blx.mdm.linktrucker.canonical.docs:moiraLinkTruckerTransacEntity
blx.mdm.linktrucker.b2b.gateway.transac._outbound.pub:sendMoiraTransacToMoira
blx.mdm.linktrucker.b2b.gateway.transac._outbound.priv:callMoiraWs
blx.mdm.linktrucker.canonical.docs:moiraResponse
blx.msc.b2b.gateway._inbound.services.pub:receiveEdiManifest
blx.msc.b2b.gateway._inbound.services.priv:extractEmailAttachments
blx.msc.b2b.gateway._inbound.services.priv:routeFileToGateway
blx.msc.b2b.gateway._inbound.services.pub:receiveEdiManifest_bouchon
blx.msc.b2b.gateway._outbound.services.priv:publishEDIInflow
blx.msc.b2b.gateway._inbound.services.priv:extractEmailAttachments
blx.msc.b2b.gateway._inbound.services.priv:routeFileToGateway
blx.msc.b2b.gateway._inbound.services.pub:receiveEdiManifest
blx.msc.b2b.gateway._inbound.services.pub:receiveEdiManifest_bouchon
blx.msc.b2b.gateway._outbound.services.priv:publishEDIInflow
blx.transverse.sm.msc.canonical.docs:mscBusTpa
blx.transverse.sm.msc.canonical.docs:technicalHeader
blx.transverse.sm.msc.canonical.docs:publishMsc
blx.transverse.sm.msc.canonical.docs:msc_SchemaDT
blx.transverse.sm.msc.canonical.docs:msc_SchemaDT
blx.transverse.sm.msc.canonical.docs:mscBusTpa
blx.transverse.sm.msc.canonical.docs:publishMsc
blx.transverse.sm.msc.canonical.docs:technicalHeader
blx.transverse.sm.msc._inbound.triggers:processMscManifestTrigger
blx.transverse.sm.msc._inbound.services.pub:ReceiveAndConvertMSCManifest
blx.transverse.sm.msc._inbound.services.priv:mapMscFileToPivotSM
blx.transverse.sm.msc._inbound.services.priv:mapConsignmentMessage
blx.transverse.sm.msc._inbound.services.priv:mapConsignment
blx.transverse.sm.msc._inbound.services.priv:mapCarrierLeg
blx.transverse.sm.msc._inbound.services.priv:mapCharge
blx.transverse.sm.msc._inbound.services.utils:convertToDecimal
blx.transverse.sm.msc._inbound.services.priv:mapGoodsItem
blx.transverse.sm.msc._inbound.services.priv:mapParty
blx.transverse.sm.msc._inbound.services.priv:mapShippingDocument
blx.transverse.sm.msc._inbound.services.priv:mapTransportUnit
blx.transverse.sm.msc._inbound.services.priv:mapCarrierLeg
blx.transverse.sm.msc._inbound.services.priv:mapCharge
blx.transverse.sm.msc._inbound.services.priv:mapConsignment
blx.transverse.sm.msc._inbound.services.priv:mapConsignmentMessage
blx.transverse.sm.msc._inbound.services.priv:mapGoodsItem
blx.transverse.sm.msc._inbound.services.priv:mapMscFileToPivotSM
blx.transverse.sm.msc._inbound.services.priv:mapParty
blx.transverse.sm.msc._inbound.services.priv:mapShippingDocument
blx.transverse.sm.msc._inbound.services.priv:mapTransportUnit
blx.transverse.sm.msc._inbound.services.pub:ReceiveAndConvertMSCManifest
blx.transverse.sm.msc._inbound.services.utils:convertToDecimal
blx.transverse.sm.msc._inbound.triggers:processMscManifestTrigger
blx.edi.docs:unedifactEnvelope
blx.edi.docs:x12Envelope
blx.edi.services:convertToValues
blx.iris.africa.bank.canonical.docs:bankSftp
blx.iris.africa.bank.canonical.docs:irisBankTransferFuncTpa
blx.iris.africa.bank.canonical.docs:irisBankTransferSftpTech
blx.iris.africa.bank.canonical.docs:sogeDocToSign
